#-----------------------------------------------------------
# Vivado v2016.4 (64-bit)
# SW Build 1756540 on Mon Jan 23 19:11:23 MST 2017
# IP Build 1755317 on Mon Jan 23 20:30:07 MST 2017
# Start of session at: Sun Jun 02 13:15:54 2024
# Process ID: 5288
# Current directory: D:/SCOALA/FACULTATE/II/PSN/PROIECT/PROIECT/SISTEM NUMERIC PE FPGA CU MOUSE/SISTEM_NUMERIC_CU_MOUSE
# Command line: vivado.exe -gui_launcher_event rodinguilauncherevent21776 D:\SCOALA\FACULTATE\II\PSN\PROIECT\PROIECT\SISTEM NUMERIC PE FPGA CU MOUSE\SISTEM_NUMERIC_CU_MOUSE\SISTEM_NUMERIC_CU_MOUSE.xpr
# Log file: D:/SCOALA/FACULTATE/II/PSN/PROIECT/PROIECT/SISTEM NUMERIC PE FPGA CU MOUSE/SISTEM_NUMERIC_CU_MOUSE/vivado.log
# Journal file: D:/SCOALA/FACULTATE/II/PSN/PROIECT/PROIECT/SISTEM NUMERIC PE FPGA CU MOUSE/SISTEM_NUMERIC_CU_MOUSE\vivado.jou
#-----------------------------------------------------------
start_gui
open_project {D:/SCOALA/FACULTATE/II/PSN/PROIECT/PROIECT/SISTEM NUMERIC PE FPGA CU MOUSE/SISTEM_NUMERIC_CU_MOUSE/SISTEM_NUMERIC_CU_MOUSE.xpr}
INFO: [ProjectBase 1-489] The host OS only allows 260 characters in a normal path. The project is stored in a path with more than 80 characters. If you experience issues with IP, Block Designs, or files not being found, please consider moving the project to a location with a shorter path. Alternately consider using the OS subst command to map part of the path to a drive letter.
Current project path is 'D:/SCOALA/FACULTATE/II/PSN/PROIECT/PROIECT/SISTEM NUMERIC PE FPGA CU MOUSE/SISTEM_NUMERIC_CU_MOUSE'
INFO: [Project 1-313] Project file moved from 'D:/SCOALA/FACULTATE/II/PSN/PROIECT/PROIECT/UC' since last save.
Scanning sources...
Finished scanning sources
INFO: [filemgmt 56-1] IPUserFilesDir: Directory not found as 'D:/SCOALA/FACULTATE/II/PSN/PROIECT/PROIECT/SISTEM NUMERIC PE FPGA CU MOUSE/SISTEM_NUMERIC_CU_MOUSE/UC.ip_user_files'; using path 'D:/SCOALA/FACULTATE/II/PSN/PROIECT/PROIECT/UC/UC.ip_user_files' instead.
INFO: [IP_Flow 19-234] Refreshing IP repositories
INFO: [IP_Flow 19-1704] No user IP repositories specified
INFO: [IP_Flow 19-2313] Loaded Vivado IP repository 'D:/PROIECTE/VIVADO/Vivado/2016.4/data/ip'.
exit
INFO: [Common 17-206] Exiting Vivado at Sun Jun 02 13:16:12 2024...
