#-----------------------------------------------------------
# Vivado v2016.4 (64-bit)
# SW Build 1756540 on Mon Jan 23 19:11:23 MST 2017
# IP Build 1755317 on Mon Jan 23 20:30:07 MST 2017
# Start of session at: Sun Jun 02 12:51:39 2024
# Process ID: 8992
# Current directory: D:/SCOALA/FACULTATE/II/PSN/PROIECT/PROIECT/UC
# Command line: vivado.exe -gui_launcher_event rodinguilauncherevent21140 D:\SCOALA\FACULTATE\II\PSN\PROIECT\PROIECT\UC\UC.xpr
# Log file: D:/SCOALA/FACULTATE/II/PSN/PROIECT/PROIECT/UC/vivado.log
# Journal file: D:/SCOALA/FACULTATE/II/PSN/PROIECT/PROIECT/UC\vivado.jou
#-----------------------------------------------------------
start_gui
open_project D:/SCOALA/FACULTATE/II/PSN/PROIECT/PROIECT/UC/UC.xpr
Scanning sources...
Finished scanning sources
INFO: [IP_Flow 19-234] Refreshing IP repositories
INFO: [IP_Flow 19-1704] No user IP repositories specified
INFO: [IP_Flow 19-2313] Loaded Vivado IP repository 'D:/PROIECTE/VIVADO/Vivado/2016.4/data/ip'.
open_project: Time (s): cpu = 00:00:06 ; elapsed = 00:00:06 . Memory (MB): peak = 747.656 ; gain = 109.223
exit
INFO: [Common 17-206] Exiting Vivado at Sun Jun 02 13:14:18 2024...
