Copyright 1986-2016 Xilinx, Inc. All Rights Reserved.
--------------------------------------------------------------------------------------
| Tool Version : Vivado v.2016.4 (win64) Build 1756540 Mon Jan 23 19:11:23 MST 2017
| Date         : Sun Jun 02 01:07:18 2024
| Host         : DESKTOP-F3DAAG3 running 64-bit major release  (build 9200)
| Command      : report_control_sets -verbose -file BLACK_BOX_control_sets_placed.rpt
| Design       : BLACK_BOX
| Device       : xc7a35t
--------------------------------------------------------------------------------------

Control Set Information

Table of Contents
-----------------
1. Summary
2. Flip-Flop Distribution
3. Detailed Control Set Information

1. Summary
----------

+----------------------------------------------------------+-------+
|                          Status                          | Count |
+----------------------------------------------------------+-------+
| Number of unique control sets                            |    11 |
| Unused register locations in slices containing registers |    52 |
+----------------------------------------------------------+-------+


2. Flip-Flop Distribution
-------------------------

+--------------+-----------------------+------------------------+-----------------+--------------+
| Clock Enable | Synchronous Set/Reset | Asynchronous Set/Reset | Total Registers | Total Slices |
+--------------+-----------------------+------------------------+-----------------+--------------+
| No           | No                    | No                     |              11 |            5 |
| No           | No                    | Yes                    |               2 |            1 |
| No           | Yes                   | No                     |              38 |           10 |
| Yes          | No                    | No                     |               1 |            1 |
| Yes          | No                    | Yes                    |              24 |            8 |
| Yes          | Yes                   | No                     |               0 |            0 |
+--------------+-----------------------+------------------------+-----------------+--------------+


3. Detailed Control Set Information
-----------------------------------

+----------------------------------------+-----------------------------------------------+------------------+------------------+----------------+
|              Clock Signal              |                 Enable Signal                 | Set/Reset Signal | Slice Load Count | Bel Load Count |
+----------------------------------------+-----------------------------------------------+------------------+------------------+----------------+
| ~UNITATEA_EXECUTIE/MOUSE/debounced_clk | UNITATEA_EXECUTIE/MOUSE/data_shift[0]_i_1_n_0 | reset_IBUF       |                1 |              1 |
| ~UNITATEA_EXECUTIE/MOUSE/debounced_clk | UNITATEA_EXECUTIE/MOUSE/data_shift[1]_i_1_n_0 | reset_IBUF       |                1 |              1 |
|  clk_IBUF_BUFG                         | UNITATEA_EXECUTIE/MOUSE/debounced_clk_i_1_n_0 |                  |                1 |              1 |
|  UNITATEA_EXECUTIE/DIV/CLK             |                                               |                  |                1 |              2 |
|  UNITATEA_CONTROL/Cup_reg_i_1_n_0      |                                               |                  |                1 |              2 |
| ~UNITATEA_EXECUTIE/MOUSE/debounced_clk |                                               |                  |                1 |              2 |
| ~UNITATEA_EXECUTIE/MOUSE/debounced_clk |                                               | reset_IBUF       |                1 |              2 |
|  clk_IBUF_BUFG                         |                                               |                  |                2 |              5 |
| ~UNITATEA_EXECUTIE/MOUSE/debounced_clk | UNITATEA_EXECUTIE/MOUSE/bit_count[5]_i_1_n_0  | reset_IBUF       |                2 |              6 |
|  UNITATEA_EXECUTIE/DIV/CLK             | UNITATEA_EXECUTIE/NUMARA/nr[15]_i_1_n_0       | reset_IBUF       |                4 |             16 |
|  clk_IBUF_BUFG                         |                                               | reset_IBUF       |               10 |             38 |
+----------------------------------------+-----------------------------------------------+------------------+------------------+----------------+


+--------+-----------------------+
| Fanout | Number of ControlSets |
+--------+-----------------------+
| 1      |                     3 |
| 2      |                     4 |
| 5      |                     1 |
| 6      |                     1 |
| 16+    |                     2 |
+--------+-----------------------+


